<?xml version="1.0" encoding="UTF-8"?>
<testng-results ignored="0" total="1" passed="1" failed="0" skipped="0">
  <reporter-output>
  </reporter-output>
  <suite started-at="2022-08-02T20:38:39 IST" name="Default suite" finished-at="2022-08-02T20:39:09 IST" duration-ms="30081">
    <groups>
    </groups>
    <test started-at="2022-08-02T20:38:39 IST" name="Default test" finished-at="2022-08-02T20:39:09 IST" duration-ms="30081">
      <class name="Google.Cricinfo">
        <test-method is-config="true" signature="beforeTest()[pri:0, instance:Google.Cricinfo@3a44431a]" started-at="2022-08-02T20:38:39 IST" name="beforeTest" finished-at="2022-08-02T20:38:46 IST" duration-ms="6880" status="PASS">
          <reporter-output>
          </reporter-output>
        </test-method> <!-- beforeTest -->
        <test-method signature="testcase()[pri:0, instance:Google.Cricinfo@3a44431a]" started-at="2022-08-02T20:38:46 IST" name="testcase" finished-at="2022-08-02T20:39:09 IST" duration-ms="23154" status="PASS">
          <reporter-output>
          </reporter-output>
        </test-method> <!-- testcase -->
        <test-method is-config="true" signature="afterTest()[pri:0, instance:Google.Cricinfo@3a44431a]" started-at="2022-08-02T20:39:09 IST" name="afterTest" finished-at="2022-08-02T20:39:09 IST" duration-ms="1" status="PASS">
          <reporter-output>
          </reporter-output>
        </test-method> <!-- afterTest -->
      </class> <!-- Google.Cricinfo -->
    </test> <!-- Default test -->
  </suite> <!-- Default suite -->
</testng-results>
